<?xml version="1.0" encoding="UTF-8"?>
<testng-results ignored="0" total="1" passed="1" failed="0" skipped="0">
  <reporter-output>
  </reporter-output>
  <suite started-at="2018-08-05T16:48:16Z" name="Default suite" finished-at="2018-08-05T16:48:37Z" duration-ms="21044">
    <groups>
    </groups>
    <test started-at="2018-08-05T16:48:16Z" name="Default test" finished-at="2018-08-05T16:48:37Z" duration-ms="21044">
      <class name="com.fb.TestSuite.TestCaseRegisterUser">
        <test-method is-config="true" signature="OpenChromeBrowser()[pri:0, instance:com.fb.TestSuite.TestCaseRegisterUser@47a5b70d]" started-at="2018-08-05T22:18:16Z" name="OpenChromeBrowser" finished-at="2018-08-05T22:18:35Z" duration-ms="18745" status="PASS">
          <reporter-output>
          </reporter-output>
        </test-method> <!-- OpenChromeBrowser -->
        <test-method signature="TestRegister()[pri:0, instance:com.fb.TestSuite.TestCaseRegisterUser@47a5b70d]" started-at="2018-08-05T22:18:35Z" name="TestRegister" finished-at="2018-08-05T22:18:37Z" duration-ms="2268" status="PASS">
          <reporter-output>
          </reporter-output>
        </test-method> <!-- TestRegister -->
      </class> <!-- com.fb.TestSuite.TestCaseRegisterUser -->
    </test> <!-- Default test -->
  </suite> <!-- Default suite -->
</testng-results>
